warning: profiles for the non root package will be ignored, specify profiles at the workspace root:
package:   /home/zoopx/zoopx/solana/programs/zpx_router/Cargo.toml
workspace: /home/zoopx/zoopx/solana/Cargo.toml
warning: /home/zoopx/zoopx/solana/programs/zpx_router/Cargo.toml: Found `feature = ...` in `target.'cfg(...)'.dependencies`. This key is not supported for selecting dependencies and will not work as expected. Use the [features] section instead: https://doc.rust-lang.org/cargo/reference/features.html
   Compiling zpx_router v0.1.0 (/home/zoopx/zoopx/solana/programs/zpx_router)
    Finished `test` profile [unoptimized + debuginfo] target(s) in 3.57s
warning: the following packages contain code that will be rejected by a future version of Rust: solana-client v1.18.26
note: to see what the problems were, use the option `--future-incompat-report`, or run `cargo report future-incompatibilities --id 1`
     Running unittests src/lib.rs (target/debug/deps/zpx_router-cad71e032c4d6c9b)

running 0 tests

test result: ok. 0 passed; 0 failed; 0 ignored; 0 measured; 1 filtered out; finished in 0.00s

     Running tests/admin_unauthorized.rs (target/debug/deps/admin_unauthorized-ab315d40a7922571)

running 0 tests

test result: ok. 0 passed; 0 failed; 0 ignored; 0 measured; 0 filtered out; finished in 0.00s

     Running tests/compute_budget.rs (target/debug/deps/compute_budget-873fa80191461822)

running 0 tests

test result: ok. 0 passed; 0 failed; 0 ignored; 0 measured; 0 filtered out; finished in 0.01s

     Running tests/concurrency_stress.rs (target/debug/deps/concurrency_stress-f5de3bf60ded2564)

running 0 tests

test result: ok. 0 passed; 0 failed; 0 ignored; 0 measured; 0 filtered out; finished in 0.00s

     Running tests/cpi_failure.rs (target/debug/deps/cpi_failure-84499690edd16d65)

running 0 tests

test result: ok. 0 passed; 0 failed; 0 ignored; 0 measured; 0 filtered out; finished in 0.00s

     Running tests/finalize_auth.rs (target/debug/deps/finalize_auth-87f4a3723a85b6d4)

running 0 tests

test result: ok. 0 passed; 0 failed; 0 ignored; 0 measured; 0 filtered out; finished in 0.00s

     Running tests/finalize_replay.rs (target/debug/deps/finalize_replay-f52cdf3765e1ea69)

running 0 tests

test result: ok. 0 passed; 0 failed; 0 ignored; 0 measured; 0 filtered out; finished in 0.00s

     Running tests/fuzz_edge.rs (target/debug/deps/fuzz_edge-e11aa12de2e2b10c)

running 0 tests

test result: ok. 0 passed; 0 failed; 0 ignored; 0 measured; 1 filtered out; finished in 0.00s

     Running tests/fuzz_neg.rs (target/debug/deps/fuzz_neg-532d8209c2ef2332)

running 0 tests

test result: ok. 0 passed; 0 failed; 0 ignored; 0 measured; 5 filtered out; finished in 0.00s

     Running tests/invalid_fee_ata.rs (target/debug/deps/invalid_fee_ata-3e5e287e371db561)

running 0 tests

test result: ok. 0 passed; 0 failed; 0 ignored; 0 measured; 1 filtered out; finished in 0.00s

     Running tests/pt_smoke.rs (target/debug/deps/pt_smoke-a9b3e5f92a819adc)

running 0 tests

test result: ok. 0 passed; 0 failed; 0 ignored; 0 measured; 1 filtered out; finished in 0.00s

     Running tests/router_schema.rs (target/debug/deps/router_schema-1368771a0328052e)

running 1 test
golden_vectors_if_present --- FAILED

failures:

---- golden_vectors_if_present stdout ----
golden mismatch: message_hash case nonce=1 src=1
 computed=[252, 174, 142, 209, 179, 23, 159, 247, 191, 95, 10, 154, 154, 66, 23, 249, 171, 184, 134, 217, 220, 220, 85, 103, 127, 43, 18, 166, 242, 161, 39, 199]
 expected=[83, 19, 218, 152, 255, 89, 72, 60, 41, 150, 250, 11, 202, 112, 1, 137, 225, 23, 51, 81, 210, 51, 193, 183, 93, 165, 45, 214, 82, 254, 126, 56]

thread 'golden_vectors_if_present' panicked at programs/zpx_router/tests/router_schema.rs:275:25:
copy_from_slice: source slice length (32) does not match destination slice length (20)
note: run with `RUST_BACKTRACE=1` environment variable to display a backtrace


failures:
    golden_vectors_if_present

test result: FAILED. 0 passed; 1 failed; 0 ignored; 0 measured; 8 filtered out; finished in 0.00s

error: test failed, to rerun pass `-p zpx_router --test router_schema`
GOLDEN_EXIT:$?
